2026-02-13 20:34:26 - INFO - [extract] [BROWSER] Launching headless browser for https://www.thekamababa.com/sexy-boobed-indian-village-lady-blowjob-sex/
2026-02-13 20:38:33 - INFO - [extract] [BROWSER] Launching headless browser for https://www.thekamababa.com/sexy-boobed-indian-village-lady-blowjob-sex/
2026-02-13 20:41:50 - INFO - [extract] [BROWSER] Launching headless browser for https://www.thekamababa.com/sexy-boobed-indian-village-lady-blowjob-sex/
2026-02-13 20:41:52 - INFO - [extract] [BROWSER] Navigating to page...
2026-02-13 20:42:19 - INFO - [handle_response] [INTERCEPT] Found: https://vjs.zencdn.net/7.8.4/video-js.css?ver=7.8.4...
2026-02-13 21:00:10 - INFO - [discover] [HARVESTER] Trying sitemap discovery...
2026-02-13 21:00:31 - WARNING - [discover] [HARVESTER] No sitemap found, falling back to generic crawl
2026-02-13 21:00:31 - INFO - [discover] [HARVESTER] Starting discovery from https://www.youtube.com/feed/trending
2026-02-13 21:00:31 - INFO - [discover] [HARVESTER] Crawling page 1/10: https://www.youtube.com/feed/trending
2026-02-13 21:00:38 - INFO - [discover] [HARVESTER] Discovery complete: 4 video URLs found
2026-02-13 21:00:38 - INFO - [discover] [HARVESTER] Starting discovery from https://www.youtube.com/feed/trending
2026-02-13 21:00:38 - INFO - [discover] [HARVESTER] Crawling page 1/2: https://www.youtube.com/feed/trending
2026-02-13 21:00:50 - INFO - [discover] [HARVESTER] Discovery complete: 4 video URLs found
2026-02-13 21:25:54 - INFO - [main] ============================================================
2026-02-13 21:25:54 - INFO - [main] ============================================================
2026-02-13 21:25:54 - INFO - [main] Target: https://viralkand.com/
2026-02-13 21:25:54 - INFO - [main] Method: auto
2026-02-13 21:25:54 - INFO - [main] Max Pages: 10
2026-02-13 21:25:54 - INFO - [main] ============================================================
2026-02-13 21:25:54 - INFO - [discover] [HARVESTER] Trying sitemap discovery...
2026-02-13 21:26:19 - INFO - [discover] [HARVESTER] Found sitemap: https://viralkand.com/sitemap_index.xml
2026-02-13 21:26:19 - INFO - [discover] [HARVESTER] Sitemap yielded 0 video URLs
2026-02-13 21:26:19 - INFO - [harvest_and_save] [HARVESTER] Added 0 new URLs to database
2026-02-13 21:26:41 - INFO - [main] ============================================================
2026-02-13 21:26:41 - INFO - [main] ============================================================
2026-02-13 21:26:41 - INFO - [extract] [BROWSER] Launching headless browser for https://viralkand.com/lund-par-baithi-raseeli-ladki-ki-zabardast-chudai/
2026-02-13 21:26:41 - INFO - [extract] [BROWSER] Launching headless browser for https://viralkand.com/chubby-sali-ke-saath-missionary-mein-jija-ki-toofani-chudai/
2026-02-13 21:26:43 - INFO - [extract] [BROWSER] Navigating to page...
2026-02-13 21:26:43 - INFO - [extract] [BROWSER] Navigating to page...
2026-02-13 21:27:02 - INFO - [handle_response] [INTERCEPT] Found: https://vjs.zencdn.net/7.8.4/video-js.css?ver=7.8.4...
2026-02-13 21:27:03 - INFO - [handle_response] [INTERCEPT] Found: https://vjs.zencdn.net/7.8.4/video.min.js?ver=7.8.4...
2026-02-13 21:27:08 - INFO - [handle_response] [INTERCEPT] Found: https://vjs.zencdn.net/7.8.4/video-js.css?ver=7.8.4...
2026-02-13 21:27:08 - INFO - [handle_response] [INTERCEPT] Found: https://vjs.zencdn.net/7.8.4/video.min.js?ver=7.8.4...
2026-02-13 21:27:09 - INFO - [handle_response] [INTERCEPT] Found: https://unpkg.com/@silvermine/videojs-quality-selector@1.2.4/dist/js/silvermine-...
2026-02-13 21:27:09 - INFO - [handle_response] [INTERCEPT] Found: https://unpkg.com/@silvermine/videojs-quality-selector@1.2.4/dist/js/silvermine-...
2026-02-13 21:27:13 - INFO - [extract] [BROWSER] Launching headless browser for https://viralkand.com/pyaasi-gf-ne-bf-ka-lund-chusa-bade-pyaar-se/
2026-02-13 21:27:15 - INFO - [extract] [BROWSER] Navigating to page...
2026-02-13 21:27:29 - INFO - [handle_response] [INTERCEPT] Found: https://vjs.zencdn.net/7.8.4/video-js.css?ver=7.8.4...
2026-02-13 21:27:30 - INFO - [handle_response] [INTERCEPT] Found: https://vjs.zencdn.net/7.8.4/video.min.js?ver=7.8.4...
2026-02-13 21:27:34 - INFO - [handle_response] [INTERCEPT] Found: https://unpkg.com/@silvermine/videojs-quality-selector@1.2.4/dist/js/silvermine-...
2026-02-13 21:27:39 - INFO - [handle_response] [INTERCEPT] Found: https://vk25cdn.viralkand.com/8000/8570.mp4...
2026-02-13 21:27:45 - INFO - [main] ============================================================
2026-02-13 21:27:45 - INFO - [main] ============================================================
2026-02-13 21:30:19 - INFO - [main] ============================================================
2026-02-13 21:30:19 - INFO - [main] ============================================================
2026-02-13 21:30:20 - INFO - [extract] [BROWSER] Launching headless browser for https://viralkand.com/lund-par-baithi-raseeli-ladki-ki-zabardast-chudai/
2026-02-13 21:30:20 - INFO - [extract] [BROWSER] Launching headless browser for https://viralkand.com/chubby-sali-ke-saath-missionary-mein-jija-ki-toofani-chudai/
2026-02-13 21:30:22 - INFO - [extract] [BROWSER] Navigating to page...
2026-02-13 21:30:22 - INFO - [extract] [BROWSER] Navigating to page...
2026-02-13 21:30:42 - INFO - [handle_response] [INTERCEPT] Found: https://vjs.zencdn.net/7.8.4/video-js.css?ver=7.8.4...
2026-02-13 21:30:42 - INFO - [handle_response] [INTERCEPT] Found: https://vjs.zencdn.net/7.8.4/video.min.js?ver=7.8.4...
2026-02-13 21:30:44 - INFO - [handle_response] [INTERCEPT] Found: https://vjs.zencdn.net/7.8.4/video-js.css?ver=7.8.4...
2026-02-13 21:30:44 - INFO - [handle_response] [INTERCEPT] Found: https://vjs.zencdn.net/7.8.4/video.min.js?ver=7.8.4...
2026-02-13 21:30:48 - INFO - [handle_response] [INTERCEPT] Found: https://unpkg.com/@silvermine/videojs-quality-selector@1.2.4/dist/js/silvermine-...
2026-02-13 21:30:50 - INFO - [handle_response] [INTERCEPT] Found: https://unpkg.com/@silvermine/videojs-quality-selector@1.2.4/dist/js/silvermine-...
2026-02-13 21:30:50 - INFO - [handle_response] [INTERCEPT] Found: https://vk25cdn.viralkand.com/8000/8573.mp4...
2026-02-13 21:30:52 - INFO - [extract] [BROWSER] Launching headless browser for https://viralkand.com/pyaasi-gf-ne-bf-ka-lund-chusa-bade-pyaar-se/
2026-02-13 21:30:53 - INFO - [extract] [BROWSER] Navigating to page...
2026-02-13 21:31:05 - INFO - [handle_response] [INTERCEPT] Found: https://vjs.zencdn.net/7.8.4/video-js.css?ver=7.8.4...
2026-02-13 21:31:06 - INFO - [handle_response] [INTERCEPT] Found: https://vjs.zencdn.net/7.8.4/video.min.js?ver=7.8.4...
2026-02-13 21:31:14 - INFO - [handle_response] [INTERCEPT] Found: https://unpkg.com/@silvermine/videojs-quality-selector@1.2.4/dist/js/silvermine-...
2026-02-13 21:31:20 - INFO - [handle_response] [INTERCEPT] Found: https://vk25cdn.viralkand.com/8000/8570.mp4...
2026-02-13 21:31:24 - INFO - [main] ============================================================
2026-02-13 21:31:24 - INFO - [main] ============================================================
2026-02-13 21:36:38 - INFO - [main] ============================================================
2026-02-13 21:36:38 - INFO - [main] Starting Video Ingestion Pipeline
2026-02-13 21:36:38 - INFO - [main] ============================================================
2026-02-13 21:36:38 - INFO - [main] Processing 3 URLs with 2 workers
2026-02-13 21:36:38 - INFO - [main] Current status distribution: {'FAILED': 3}
2026-02-13 21:36:38 - INFO - [extract] [BROWSER] Launching headless browser for https://viralkand.com/lund-par-baithi-raseeli-ladki-ki-zabardast-chudai/
2026-02-13 21:36:38 - INFO - [extract] [BROWSER] Launching headless browser for https://viralkand.com/chubby-sali-ke-saath-missionary-mein-jija-ki-toofani-chudai/
2026-02-13 21:36:40 - INFO - [extract] [BROWSER] Navigating to page...
2026-02-13 21:36:40 - INFO - [extract] [BROWSER] Navigating to page...
2026-02-13 21:37:02 - INFO - [handle_response] [INTERCEPT] Found: https://vjs.zencdn.net/7.8.4/video-js.css?ver=7.8.4...
2026-02-13 21:37:02 - INFO - [handle_response] [INTERCEPT] Found: https://vjs.zencdn.net/7.8.4/video.min.js?ver=7.8.4...
2026-02-13 21:37:05 - INFO - [handle_response] [INTERCEPT] Found: https://vjs.zencdn.net/7.8.4/video-js.css?ver=7.8.4...
2026-02-13 21:37:06 - INFO - [handle_response] [INTERCEPT] Found: https://vjs.zencdn.net/7.8.4/video.min.js?ver=7.8.4...
2026-02-13 21:37:07 - INFO - [handle_response] [INTERCEPT] Found: https://unpkg.com/@silvermine/videojs-quality-selector@1.2.4/dist/js/silvermine-...
2026-02-13 21:37:07 - INFO - [handle_response] [INTERCEPT] Found: https://vk25cdn.viralkand.com/8000/8573.mp4...
2026-02-13 21:37:10 - INFO - [extract] [BROWSER] Launching headless browser for https://viralkand.com/pyaasi-gf-ne-bf-ka-lund-chusa-bade-pyaar-se/
2026-02-13 21:37:11 - INFO - [extract] [BROWSER] Navigating to page...
2026-02-13 21:37:28 - INFO - [handle_response] [INTERCEPT] Found: https://vjs.zencdn.net/7.8.4/video-js.css?ver=7.8.4...
2026-02-13 21:37:30 - INFO - [handle_response] [INTERCEPT] Found: https://vjs.zencdn.net/7.8.4/video.min.js?ver=7.8.4...
2026-02-13 21:37:30 - INFO - [handle_response] [INTERCEPT] Found: https://unpkg.com/@silvermine/videojs-quality-selector@1.2.4/dist/js/silvermine-...
2026-02-13 21:37:33 - INFO - [handle_response] [INTERCEPT] Found: https://vk25cdn.viralkand.com/8000/8570.mp4...
2026-02-13 21:37:33 - INFO - [extract] [BROWSER] Waiting for video player...
2026-02-13 21:37:38 - INFO - [handle_response] [INTERCEPT] Found: https://s0.2mdn.net/instream/video/client.js...
2026-02-13 21:37:42 - INFO - [extract] [SUCCESS] Extracted: https://vk25cdn.viralkand.com/8000/8570.mp4...
2026-02-13 21:40:08 - INFO - [main] ============================================================
2026-02-13 21:40:08 - INFO - [main] Pipeline Complete
2026-02-13 21:40:08 - INFO - [main] Final status distribution: {'FAILED': 3}
2026-02-13 21:40:08 - INFO - [main] ============================================================
